Build started 10/03/2025 3:06:35 pm.
     1>Project "C:\Users\Syed\Desktop\Aremak\Hikrobot-MVS-SDK\example-projects\cpp\GrabImage_OpenCV\GrabImage_VS2013.vcxproj" on node 2 (Build target(s)).
     1>ClCompile:
         C:\Program Files (x86)\Microsoft Visual Studio 14.0\VC\bin\x86_amd64\CL.exe /c /I"C:\Program Files (x86)\MVS\Development\Includes" /IC:\Users\Syed\Desktop\opencv\build\include /Zi /nologo /W3 /WX- /Od /D WIN32 /D _DEBUG /D _CONSOLE /D _MBCS /Gm /EHsc /RTC1 /MDd /GS /fp:precise /Zc:wchar_t /Zc:forScope /Zc:inline /Fo"x64\Debug\\" /Fd"x64\Debug\vc140.pdb" /Gd /TP /errorReport:prompt GrabImage.cpp
         GrabImage.cpp
     1>GrabImage.cpp(183): warning C4244: '=': conversion from 'float' to 'int', possible loss of data
     1>GrabImage.cpp(184): warning C4244: '=': conversion from 'float' to 'int', possible loss of data
     1>GrabImage.cpp(188): warning C4244: '=': conversion from 'float' to 'int', possible loss of data
     1>GrabImage.cpp(189): warning C4244: '=': conversion from 'float' to 'int', possible loss of data
     1>GrabImage.cpp(200): warning C4244: '=': conversion from 'float' to 'int', possible loss of data
     1>GrabImage.cpp(201): warning C4244: '=': conversion from 'float' to 'int', possible loss of data
     1>GrabImage.cpp(205): warning C4244: '=': conversion from 'float' to 'int', possible loss of data
     1>GrabImage.cpp(206): warning C4244: '=': conversion from 'float' to 'int', possible loss of data
     1>GrabImage.cpp(311): warning C4566: character represented by universal-character-name '\u0131' cannot be represented in the current code page (1252)
     1>GrabImage.cpp(313): warning C4566: character represented by universal-character-name '\u0131' cannot be represented in the current code page (1252)
     1>GrabImage.cpp(314): warning C4566: character represented by universal-character-name '\u0131' cannot be represented in the current code page (1252)
       Link:
         C:\Program Files (x86)\Microsoft Visual Studio 14.0\VC\bin\x86_amd64\link.exe /ERRORREPORT:PROMPT /OUT:"C:\Users\Syed\Desktop\Aremak\Hikrobot-MVS-SDK\example-projects\cpp\GrabImage_OpenCV\x64\Debug\GrabImage.exe" /INCREMENTAL /NOLOGO /LIBPATH:C:\Users\Syed\Desktop\opencv\build\x64\vc16\bin /LIBPATH:"C:\Program Files (x86)\MVS\Development\Libraries\win64" /LIBPATH:C:\Users\Syed\Desktop\opencv\build\x64\vc16\lib /LIBPATH:C:\Users\Syed\Desktop\opencv\build\include MvCameraControl.lib opencv_world4110d.lib kernel32.lib user32.lib gdi32.lib winspool.lib comdlg32.lib advapi32.lib shell32.lib ole32.lib oleaut32.lib uuid.lib odbc32.lib odbccp32.lib /MANIFEST /MANIFESTUAC:"level='asInvoker' uiAccess='false'" /manifest:embed /Debug /PDB:"C:\Users\Syed\Desktop\Aremak\Hikrobot-MVS-SDK\example-projects\cpp\GrabImage_OpenCV\x64\Debug\GrabImage.pdb" /SUBSYSTEM:CONSOLE /TLBID:1 /DYNAMICBASE /NXCOMPAT /IMPLIB:"C:\Users\Syed\Desktop\Aremak\Hikrobot-MVS-SDK\example-projects\cpp\GrabImage_OpenCV\x64\Debug\GrabImage.lib" /MACHINE:X64 x64\Debug\GrabImage.obj
         GrabImage_VS2013.vcxproj -> C:\Users\Syed\Desktop\Aremak\Hikrobot-MVS-SDK\example-projects\cpp\GrabImage_OpenCV\x64\Debug\GrabImage.exe
     1>Done Building Project "C:\Users\Syed\Desktop\Aremak\Hikrobot-MVS-SDK\example-projects\cpp\GrabImage_OpenCV\GrabImage_VS2013.vcxproj" (Build target(s)).

Build succeeded.

Time Elapsed 00:00:03.33
